0 info it worked if it ends with ok
1 verbose cli [ '/usr/local/Cellar/node/7.4.0/bin/node',
1 verbose cli   '/usr/local/bin/npm',
1 verbose cli   'run',
1 verbose cli   'start' ]
2 info using npm@4.0.5
3 info using node@v7.4.0
4 verbose run-script [ 'prestart', 'start', 'poststart' ]
5 info lifecycle hey.js@1.0.4~prestart: hey.js@1.0.4
6 silly lifecycle hey.js@1.0.4~prestart: no script for prestart, continuing
7 info lifecycle hey.js@1.0.4~start: hey.js@1.0.4
8 verbose lifecycle hey.js@1.0.4~start: unsafe-perm in lifecycle true
9 verbose lifecycle hey.js@1.0.4~start: PATH: /usr/local/lib/node_modules/npm/bin/node-gyp-bin:/Users/jfree/Sites/Personal/Experiments/Modal/node_modules/.bin:/usr/local/bin:/Users/jfree/.npm-packages/bin:/usr/local/bin:/Users/jfree/.npm-packages/:/Users/jfree/.fzf/bin:/usr/local/bin:/usr/bin:/bin:/usr/sbin:/sbin
10 verbose lifecycle hey.js@1.0.4~start: CWD: /Users/jfree/Sites/Personal/Experiments/Modal
11 silly lifecycle hey.js@1.0.4~start: Args: [ '-c', 'node server.js' ]
12 silly lifecycle hey.js@1.0.4~start: Returned: code: 1  signal: null
13 info lifecycle hey.js@1.0.4~start: Failed to exec start script
14 verbose stack Error: hey.js@1.0.4 start: `node server.js`
14 verbose stack Exit status 1
14 verbose stack     at EventEmitter.<anonymous> (/usr/local/lib/node_modules/npm/lib/utils/lifecycle.js:279:16)
14 verbose stack     at emitTwo (events.js:106:13)
14 verbose stack     at EventEmitter.emit (events.js:191:7)
14 verbose stack     at ChildProcess.<anonymous> (/usr/local/lib/node_modules/npm/lib/utils/spawn.js:40:14)
14 verbose stack     at emitTwo (events.js:106:13)
14 verbose stack     at ChildProcess.emit (events.js:191:7)
14 verbose stack     at maybeClose (internal/child_process.js:885:16)
14 verbose stack     at Process.ChildProcess._handle.onexit (internal/child_process.js:226:5)
15 verbose pkgid hey.js@1.0.4
16 verbose cwd /Users/jfree/Sites/Personal/Experiments/Modal
17 error Darwin 16.3.0
18 error argv "/usr/local/Cellar/node/7.4.0/bin/node" "/usr/local/bin/npm" "run" "start"
19 error node v7.4.0
20 error npm  v4.0.5
21 error code ELIFECYCLE
22 error hey.js@1.0.4 start: `node server.js`
22 error Exit status 1
23 error Failed at the hey.js@1.0.4 start script 'node server.js'.
23 error Make sure you have the latest version of node.js and npm installed.
23 error If you do, this is most likely a problem with the hey.js package,
23 error not with npm itself.
23 error Tell the author that this fails on your system:
23 error     node server.js
23 error You can get information on how to open an issue for this project with:
23 error     npm bugs hey.js
23 error Or if that isn't available, you can get their info via:
23 error     npm owner ls hey.js
23 error There is likely additional logging output above.
24 verbose exit [ 1, true ]
